<?xml version="1.0" encoding="UTF-8"?>
<!-- Generated by org.testng.reporters.JUnitReportReporter -->
<testsuite hostname="prak_daks_nila" failures="0" tests="6" name="api.test.DataDrivenTests" time="5.675" errors="0" timestamp="2025-04-09T20:06:40 GMT-07:00" skipped="0">
  <testcase classname="api.test.DataDrivenTests" name="CreateUser_test" time="2.792"/>
  <testcase classname="api.test.DataDrivenTests" name="CreateUser_test" time="0.616"/>
  <testcase classname="api.test.DataDrivenTests" name="CreateUser_test" time="0.585"/>
  <testcase classname="api.test.DataDrivenTests" name="deleteuser_test" time="0.510"/>
  <testcase classname="api.test.DataDrivenTests" name="deleteuser_test" time="0.559"/>
  <testcase classname="api.test.DataDrivenTests" name="deleteuser_test" time="0.613"/>
</testsuite> <!-- api.test.DataDrivenTests -->
