<?xml version="1.0" encoding="UTF-8"?>
<!-- Generated by org.testng.reporters.JUnitReportReporter -->
<testsuite hostname="prak_daks_nila" failures="0" tests="4" name="api.test.UserTests" time="7.536" errors="0" timestamp="2025-04-10T13:10:14 GMT-07:00" skipped="0">
  <testcase classname="api.test.UserTests" name="createUser_test" time="4.042"/>
  <testcase classname="api.test.UserTests" name="getUser_test" time="2.276"/>
  <testcase classname="api.test.UserTests" name="updateUser_test" time="0.610"/>
  <testcase classname="api.test.UserTests" name="deleteUser_test" time="0.608"/>
</testsuite> <!-- api.test.UserTests -->
