<?xml version="1.0" encoding="UTF-8"?>
<!-- Generated by org.testng.reporters.JUnitReportReporter -->
<testsuite hostname="prak_daks_nila" failures="0" tests="4" name="api.test.UserTests2" time="9.658" errors="0" timestamp="2025-04-12T21:31:03 GMT-07:00" skipped="0">
  <testcase classname="api.test.UserTests2" name="createUser_test" time="4.300"/>
  <testcase classname="api.test.UserTests2" name="getUser_test" time="4.153"/>
  <testcase classname="api.test.UserTests2" name="updateUser_test" time="0.600"/>
  <testcase classname="api.test.UserTests2" name="deleteUser_test" time="0.605"/>
</testsuite> <!-- api.test.UserTests2 -->
