<?xml version="1.0" encoding="UTF-8"?>
<!-- Generated by org.testng.reporters.JUnitReportReporter -->
<testsuite hostname="prak_daks_nila" failures="0" tests="4" name="api.test.UserTests2" time="5.836" errors="0" timestamp="2025-04-10T15:29:59 GMT-07:00" skipped="0">
  <testcase classname="api.test.UserTests2" name="createUser_test" time="3.973"/>
  <testcase classname="api.test.UserTests2" name="getUser_test" time="0.613"/>
  <testcase classname="api.test.UserTests2" name="updateUser_test" time="0.716"/>
  <testcase classname="api.test.UserTests2" name="deleteUser_test" time="0.534"/>
</testsuite> <!-- api.test.UserTests2 -->
