<?xml version="1.0" encoding="UTF-8"?>
<!-- Generated by org.testng.reporters.JUnitReportReporter -->
<testsuite hostname="prak_daks_nila" failures="0" tests="4" name="api.test.UserTests2" time="8.773" errors="0" timestamp="2025-04-10T16:53:20 GMT-07:00" skipped="0">
  <testcase classname="api.test.UserTests2" name="createUser_test" time="5.497"/>
  <testcase classname="api.test.UserTests2" name="getUser_test" time="2.087"/>
  <testcase classname="api.test.UserTests2" name="updateUser_test" time="0.713"/>
  <testcase classname="api.test.UserTests2" name="deleteUser_test" time="0.476"/>
</testsuite> <!-- api.test.UserTests2 -->
